  Game.cpp
C:\Program Files (x86)\Windows Kits\10\Include\10.0.26100.0\shared\ws2def.h(103,9): warning C4005: 'AF_IPX': マクロが再定義されました。
  (ソース ファイル 'Game.cpp' をコンパイルしています)
      C:\Program Files (x86)\Windows Kits\10\Include\10.0.26100.0\um\winsock.h(457,9):
      'AF_IPX' の以前の定義を確認してください
  
C:\Program Files (x86)\Windows Kits\10\Include\10.0.26100.0\shared\ws2def.h(147,9): warning C4005: 'AF_MAX': マクロが再定義されました。
  (ソース ファイル 'Game.cpp' をコンパイルしています)
      C:\Program Files (x86)\Windows Kits\10\Include\10.0.26100.0\um\winsock.h(476,9):
      'AF_MAX' の以前の定義を確認してください
  
C:\Program Files (x86)\Windows Kits\10\Include\10.0.26100.0\shared\ws2def.h(187,9): warning C4005: 'SO_DONTLINGER': マクロが再定義されました。
  (ソース ファイル 'Game.cpp' をコンパイルしています)
      C:\Program Files (x86)\Windows Kits\10\Include\10.0.26100.0\um\winsock.h(399,9):
      'SO_DONTLINGER' の以前の定義を確認してください
  
C:\Program Files (x86)\Windows Kits\10\Include\10.0.26100.0\shared\ws2def.h(246,16): error C2011: 'sockaddr': 'struct' 型の再定義
  (ソース ファイル 'Game.cpp' をコンパイルしています)
      C:\Program Files (x86)\Windows Kits\10\Include\10.0.26100.0\um\winsock.h(482,8):
      'sockaddr' の宣言を確認してください
  
C:\Program Files (x86)\Windows Kits\10\Include\10.0.26100.0\shared\ws2def.h(448,5): error C2143: 構文エラー: '}' が '定数' の前にありません。
  (ソース ファイル 'Game.cpp' をコンパイルしています)
  
C:\Program Files (x86)\Windows Kits\10\Include\10.0.26100.0\shared\ws2def.h(448,5): error C2059: 構文エラー: '定数'
  (ソース ファイル 'Game.cpp' をコンパイルしています)
  
C:\Program Files (x86)\Windows Kits\10\Include\10.0.26100.0\shared\ws2def.h(502,1): error C2143: 構文エラー: ';' が '}' の前にありません。
  (ソース ファイル 'Game.cpp' をコンパイルしています)
  
C:\Program Files (x86)\Windows Kits\10\Include\10.0.26100.0\shared\ws2def.h(502,3): error C4430: 型指定子がありません - int と仮定しました。メモ: C++ は int を既定値としてサポートしていません
  (ソース ファイル 'Game.cpp' をコンパイルしています)
  
C:\Program Files (x86)\Windows Kits\10\Include\10.0.26100.0\shared\ws2def.h(502,13): error C4430: 型指定子がありません - int と仮定しました。メモ: C++ は int を既定値としてサポートしていません
  (ソース ファイル 'Game.cpp' をコンパイルしています)
  
C:\Program Files (x86)\Windows Kits\10\Include\10.0.26100.0\shared\ws2def.h(583,9): warning C4005: 'IN_CLASSA': マクロが再定義されました。
  (ソース ファイル 'Game.cpp' をコンパイルしています)
      C:\Program Files (x86)\Windows Kits\10\Include\10.0.26100.0\um\winsock.h(284,9):
      'IN_CLASSA' の以前の定義を確認してください
  
C:\Program Files (x86)\Windows Kits\10\Include\10.0.26100.0\shared\ws2def.h(589,9): warning C4005: 'IN_CLASSB': マクロが再定義されました。
  (ソース ファイル 'Game.cpp' をコンパイルしています)
      C:\Program Files (x86)\Windows Kits\10\Include\10.0.26100.0\um\winsock.h(290,9):
      'IN_CLASSB' の以前の定義を確認してください
  
C:\Program Files (x86)\Windows Kits\10\Include\10.0.26100.0\shared\ws2def.h(595,9): warning C4005: 'IN_CLASSC': マクロが再定義されました。
  (ソース ファイル 'Game.cpp' をコンパイルしています)
      C:\Program Files (x86)\Windows Kits\10\Include\10.0.26100.0\um\winsock.h(296,9):
      'IN_CLASSC' の以前の定義を確認してください
  
C:\Program Files (x86)\Windows Kits\10\Include\10.0.26100.0\shared\ws2def.h(606,9): warning C4005: 'INADDR_ANY': マクロが再定義されました。
  (ソース ファイル 'Game.cpp' をコンパイルしています)
      C:\Program Files (x86)\Windows Kits\10\Include\10.0.26100.0\um\winsock.h(301,9):
      'INADDR_ANY' の以前の定義を確認してください
  
C:\Program Files (x86)\Windows Kits\10\Include\10.0.26100.0\shared\ws2def.h(608,9): warning C4005: 'INADDR_BROADCAST': マクロが再定義されました。
  (ソース ファイル 'Game.cpp' をコンパイルしています)
      C:\Program Files (x86)\Windows Kits\10\Include\10.0.26100.0\um\winsock.h(303,9):
      'INADDR_BROADCAST' の以前の定義を確認してください
  
C:\Program Files (x86)\Windows Kits\10\Include\10.0.26100.0\shared\ws2def.h(644,16): error C2011: 'sockaddr_in': 'struct' 型の再定義
  (ソース ファイル 'Game.cpp' をコンパイルしています)
      C:\Program Files (x86)\Windows Kits\10\Include\10.0.26100.0\um\winsock.h(309,8):
      'sockaddr_in' の宣言を確認してください
  
C:\Program Files (x86)\Windows Kits\10\Include\10.0.26100.0\um\WinSock2.h(136,16): error C2011: 'fd_set': 'struct' 型の再定義
  (ソース ファイル 'Game.cpp' をコンパイルしています)
      C:\Program Files (x86)\Windows Kits\10\Include\10.0.26100.0\um\winsock.h(65,16):
      'fd_set' の宣言を確認してください
  
C:\Program Files (x86)\Windows Kits\10\Include\10.0.26100.0\um\WinSock2.h(158,9): warning C4005: 'FD_SET': マクロが再定義されました。
  (ソース ファイル 'Game.cpp' をコンパイルしています)
      C:\Program Files (x86)\Windows Kits\10\Include\10.0.26100.0\um\winsock.h(96,9):
      'FD_SET' の以前の定義を確認してください
  
C:\Program Files (x86)\Windows Kits\10\Include\10.0.26100.0\um\WinSock2.h(180,8): error C2011: 'timeval': 'struct' 型の再定義
  (ソース ファイル 'Game.cpp' をコンパイルしています)
      C:\Program Files (x86)\Windows Kits\10\Include\10.0.26100.0\um\winsock.h(108,8):
      'timeval' の宣言を確認してください
  
C:\Program Files (x86)\Windows Kits\10\Include\10.0.26100.0\um\WinSock2.h(236,9): error C2011: 'hostent': 'struct' 型の再定義
  (ソース ファイル 'Game.cpp' をコンパイルしています)
      C:\Program Files (x86)\Windows Kits\10\Include\10.0.26100.0\um\winsock.h(164,9):
      'hostent' の宣言を確認してください
  
C:\Program Files (x86)\Windows Kits\10\Include\10.0.26100.0\um\WinSock2.h(249,9): error C2011: 'netent': 'struct' 型の再定義
  (ソース ファイル 'Game.cpp' をコンパイルしています)
      C:\Program Files (x86)\Windows Kits\10\Include\10.0.26100.0\um\winsock.h(177,9):
      'netent' の宣言を確認してください
  
C:\Program Files (x86)\Windows Kits\10\Include\10.0.26100.0\um\WinSock2.h(256,9): error C2011: 'servent': 'struct' 型の再定義
  (ソース ファイル 'Game.cpp' をコンパイルしています)
      C:\Program Files (x86)\Windows Kits\10\Include\10.0.26100.0\um\winsock.h(184,9):
      'servent' の宣言を確認してください
  
C:\Program Files (x86)\Windows Kits\10\Include\10.0.26100.0\um\WinSock2.h(268,9): error C2011: 'protoent': 'struct' 型の再定義
  (ソース ファイル 'Game.cpp' をコンパイルしています)
      C:\Program Files (x86)\Windows Kits\10\Include\10.0.26100.0\um\winsock.h(196,9):
      'protoent' の宣言を確認してください
  
C:\Program Files (x86)\Windows Kits\10\Include\10.0.26100.0\um\WinSock2.h(364,16): error C2011: 'WSAData': 'struct' 型の再定義
  (ソース ファイル 'Game.cpp' をコンパイルしています)
      C:\Program Files (x86)\Windows Kits\10\Include\10.0.26100.0\um\winsock.h(319,16):
      'WSAData' の宣言を確認してください
  
C:\Program Files (x86)\Windows Kits\10\Include\10.0.26100.0\um\WinSock2.h(462,8): error C2011: 'sockproto': 'struct' 型の再定義
  (ソース ファイル 'Game.cpp' をコンパイルしています)
      C:\Program Files (x86)\Windows Kits\10\Include\10.0.26100.0\um\winsock.h(491,8):
      'sockproto' の宣言を確認してください
  
C:\Program Files (x86)\Windows Kits\10\Include\10.0.26100.0\um\WinSock2.h(504,9): error C2011: 'linger': 'struct' 型の再定義
  (ソース ファイル 'Game.cpp' をコンパイルしています)
      C:\Program Files (x86)\Windows Kits\10\Include\10.0.26100.0\um\winsock.h(528,9):
      'linger' の宣言を確認してください
  
C:\Program Files (x86)\Windows Kits\10\Include\10.0.26100.0\um\WinSock2.h(517,9): warning C4005: 'SOMAXCONN': マクロが再定義されました。
  (ソース ファイル 'Game.cpp' をコンパイルしています)
      C:\Program Files (x86)\Windows Kits\10\Include\10.0.26100.0\um\winsock.h(541,9):
      'SOMAXCONN' の以前の定義を確認してください
  
C:\Program Files (x86)\Windows Kits\10\Include\10.0.26100.0\um\WinSock2.h(551,9): warning C4005: 'FD_READ': マクロが再定義されました。
  (ソース ファイル 'Game.cpp' をコンパイルしています)
      C:\Program Files (x86)\Windows Kits\10\Include\10.0.26100.0\um\winsock.h(559,9):
      'FD_READ' の以前の定義を確認してください
  
C:\Program Files (x86)\Windows Kits\10\Include\10.0.26100.0\um\WinSock2.h(554,9): warning C4005: 'FD_WRITE': マクロが再定義されました。
  (ソース ファイル 'Game.cpp' をコンパイルしています)
      C:\Program Files (x86)\Windows Kits\10\Include\10.0.26100.0\um\winsock.h(560,9):
      'FD_WRITE' の以前の定義を確認してください
  
C:\Program Files (x86)\Windows Kits\10\Include\10.0.26100.0\um\WinSock2.h(557,9): warning C4005: 'FD_OOB': マクロが再定義されました。
  (ソース ファイル 'Game.cpp' をコンパイルしています)
      C:\Program Files (x86)\Windows Kits\10\Include\10.0.26100.0\um\winsock.h(561,9):
      'FD_OOB' の以前の定義を確認してください
  
C:\Program Files (x86)\Windows Kits\10\Include\10.0.26100.0\um\WinSock2.h(560,9): warning C4005: 'FD_ACCEPT': マクロが再定義されました。
  (ソース ファイル 'Game.cpp' をコンパイルしています)
      C:\Program Files (x86)\Windows Kits\10\Include\10.0.26100.0\um\winsock.h(562,9):
      'FD_ACCEPT' の以前の定義を確認してください
  
C:\Program Files (x86)\Windows Kits\10\Include\10.0.26100.0\um\WinSock2.h(563,9): warning C4005: 'FD_CONNECT': マクロが再定義されました。
  (ソース ファイル 'Game.cpp' をコンパイルしています)
      C:\Program Files (x86)\Windows Kits\10\Include\10.0.26100.0\um\winsock.h(563,9):
      'FD_CONNECT' の以前の定義を確認してください
  
C:\Program Files (x86)\Windows Kits\10\Include\10.0.26100.0\um\WinSock2.h(566,9): warning C4005: 'FD_CLOSE': マクロが再定義されました。
  (ソース ファイル 'Game.cpp' をコンパイルしています)
      C:\Program Files (x86)\Windows Kits\10\Include\10.0.26100.0\um\winsock.h(564,9):
      'FD_CLOSE' の以前の定義を確認してください
  
C:\Program Files (x86)\Windows Kits\10\Include\10.0.26100.0\um\WinSock2.h(1633,1): error C2375: 'accept': 再定義されています。異なるリンケージです。
  (ソース ファイル 'Game.cpp' をコンパイルしています)
      C:\Program Files (x86)\Windows Kits\10\Include\10.0.26100.0\um\winsock.h(739,19):
      'accept' の宣言を確認してください
  
C:\Program Files (x86)\Windows Kits\10\Include\10.0.26100.0\um\WinSock2.h(1655,1): error C2375: 'bind': 再定義されています。異なるリンケージです。
  (ソース ファイル 'Game.cpp' をコンパイルしています)
      C:\Program Files (x86)\Windows Kits\10\Include\10.0.26100.0\um\winsock.h(744,16):
      'bind' の宣言を確認してください
  
C:\Program Files (x86)\Windows Kits\10\Include\10.0.26100.0\um\WinSock2.h(1676,1): error C2375: 'closesocket': 再定義されています。異なるリンケージです。
  (ソース ファイル 'Game.cpp' をコンパイルしています)
      C:\Program Files (x86)\Windows Kits\10\Include\10.0.26100.0\um\winsock.h(749,16):
      'closesocket' の宣言を確認してください
  
C:\Program Files (x86)\Windows Kits\10\Include\10.0.26100.0\um\WinSock2.h(1693,1): error C2375: 'connect': 再定義されています。異なるリンケージです。
  (ソース ファイル 'Game.cpp' をコンパイルしています)
      C:\Program Files (x86)\Windows Kits\10\Include\10.0.26100.0\um\winsock.h(751,16):
      'connect' の宣言を確認してください
  
C:\Program Files (x86)\Windows Kits\10\Include\10.0.26100.0\um\WinSock2.h(1714,1): error C2375: 'ioctlsocket': 再定義されています。異なるリンケージです。
  (ソース ファイル 'Game.cpp' をコンパイルしています)
      C:\Program Files (x86)\Windows Kits\10\Include\10.0.26100.0\um\winsock.h(756,16):
      'ioctlsocket' の宣言を確認してください
  
C:\Program Files (x86)\Windows Kits\10\Include\10.0.26100.0\um\WinSock2.h(1737,1): error C2375: 'getpeername': 再定義されています。異なるリンケージです。
  (ソース ファイル 'Game.cpp' をコンパイルしています)
      C:\Program Files (x86)\Windows Kits\10\Include\10.0.26100.0\um\winsock.h(761,16):
      'getpeername' の宣言を確認してください
  
C:\Program Files (x86)\Windows Kits\10\Include\10.0.26100.0\um\WinSock2.h(1758,1): error C2375: 'getsockname': 再定義されています。異なるリンケージです。
  (ソース ファイル 'Game.cpp' をコンパイルしています)
      C:\Program Files (x86)\Windows Kits\10\Include\10.0.26100.0\um\winsock.h(766,16):
      'getsockname' の宣言を確認してください
  
C:\Program Files (x86)\Windows Kits\10\Include\10.0.26100.0\um\WinSock2.h(1779,1): error C2375: 'getsockopt': 再定義されています。異なるリンケージです。
  (ソース ファイル 'Game.cpp' をコンパイルしています)
      C:\Program Files (x86)\Windows Kits\10\Include\10.0.26100.0\um\winsock.h(771,16):
      'getsockopt' の宣言を確認してください
  
C:\Program Files (x86)\Windows Kits\10\Include\10.0.26100.0\um\WinSock2.h(1804,1): error C2375: 'htonl': 再定義されています。異なるリンケージです。
  (ソース ファイル 'Game.cpp' をコンパイルしています)
      C:\Program Files (x86)\Windows Kits\10\Include\10.0.26100.0\um\winsock.h(778,19):
      'htonl' の宣言を確認してください
  
C:\Program Files (x86)\Windows Kits\10\Include\10.0.26100.0\um\WinSock2.h(1821,1): error C2375: 'htons': 再定義されています。異なるリンケージです。
  (ソース ファイル 'Game.cpp' をコンパイルしています)
      C:\Program Files (x86)\Windows Kits\10\Include\10.0.26100.0\um\winsock.h(780,20):
      'htons' の宣言を確認してください
  
C:\Program Files (x86)\Windows Kits\10\Include\10.0.26100.0\um\WinSock2.h(1839,1): error C2375: 'inet_addr': 再定義されています。異なるリンケージです。
  (ソース ファイル 'Game.cpp' をコンパイルしています)
      C:\Program Files (x86)\Windows Kits\10\Include\10.0.26100.0\um\winsock.h(782,26):
      'inet_addr' の宣言を確認してください
  
C:\Program Files (x86)\Windows Kits\10\Include\10.0.26100.0\um\WinSock2.h(1857,1): error C2375: 'inet_ntoa': 再定義されています。異なるリンケージです。
  (ソース ファイル 'Game.cpp' をコンパイルしています)
      C:\Program Files (x86)\Windows Kits\10\Include\10.0.26100.0\um\winsock.h(784,23):
      'inet_ntoa' の宣言を確認してください
  
C:\Program Files (x86)\Windows Kits\10\Include\10.0.26100.0\um\WinSock2.h(1957,1): error C2375: 'listen': 再定義されています。異なるリンケージです。
  (ソース ファイル 'Game.cpp' をコンパイルしています)
      C:\Program Files (x86)\Windows Kits\10\Include\10.0.26100.0\um\winsock.h(786,16):
      'listen' の宣言を確認してください
  
C:\Program Files (x86)\Windows Kits\10\Include\10.0.26100.0\um\WinSock2.h(1976,1): error C2375: 'ntohl': 再定義されています。異なるリンケージです。
  (ソース ファイル 'Game.cpp' をコンパイルしています)
      C:\Program Files (x86)\Windows Kits\10\Include\10.0.26100.0\um\winsock.h(790,19):
      'ntohl' の宣言を確認してください
  
C:\Program Files (x86)\Windows Kits\10\Include\10.0.26100.0\um\WinSock2.h(1993,1): error C2375: 'ntohs': 再定義されています。異なるリンケージです。
  (ソース ファイル 'Game.cpp' をコンパイルしています)
      C:\Program Files (x86)\Windows Kits\10\Include\10.0.26100.0\um\winsock.h(792,20):
      'ntohs' の宣言を確認してください
  
C:\Program Files (x86)\Windows Kits\10\Include\10.0.26100.0\um\WinSock2.h(2010,1): error C2375: 'recv': 再定義されています。異なるリンケージです。
  (ソース ファイル 'Game.cpp' をコンパイルしています)
      C:\Program Files (x86)\Windows Kits\10\Include\10.0.26100.0\um\winsock.h(794,16):
      'recv' の宣言を確認してください
  
C:\Program Files (x86)\Windows Kits\10\Include\10.0.26100.0\um\WinSock2.h(2033,1): error C2375: 'recvfrom': 再定義されています。異なるリンケージです。
  (ソース ファイル 'Game.cpp' をコンパイルしています)
      C:\Program Files (x86)\Windows Kits\10\Include\10.0.26100.0\um\winsock.h(800,16):
      'recvfrom' の宣言を確認してください
  
C:\Program Files (x86)\Windows Kits\10\Include\10.0.26100.0\um\WinSock2.h(2060,1): error C2375: 'select': 再定義されています。異なるリンケージです。
  (ソース ファイル 'Game.cpp' をコンパイルしています)
      C:\Program Files (x86)\Windows Kits\10\Include\10.0.26100.0\um\winsock.h(808,16):
      'select' の宣言を確認してください
  
C:\Program Files (x86)\Windows Kits\10\Include\10.0.26100.0\um\WinSock2.h(2085,1): error C2375: 'send': 再定義されています。異なるリンケージです。
  (ソース ファイル 'Game.cpp' をコンパイルしています)
      C:\Program Files (x86)\Windows Kits\10\Include\10.0.26100.0\um\winsock.h(815,16):
      'send' の宣言を確認してください
  
C:\Program Files (x86)\Windows Kits\10\Include\10.0.26100.0\um\WinSock2.h(2108,1): error C2375: 'sendto': 再定義されています。異なるリンケージです。
  (ソース ファイル 'Game.cpp' をコンパイルしています)
      C:\Program Files (x86)\Windows Kits\10\Include\10.0.26100.0\um\winsock.h(821,16):
      'sendto' の宣言を確認してください
  
C:\Program Files (x86)\Windows Kits\10\Include\10.0.26100.0\um\WinSock2.h(2135,1): error C2375: 'setsockopt': 再定義されています。異なるリンケージです。
  (ソース ファイル 'Game.cpp' をコンパイルしています)
      C:\Program Files (x86)\Windows Kits\10\Include\10.0.26100.0\um\winsock.h(829,16):
      'setsockopt' の宣言を確認してください
  
C:\Program Files (x86)\Windows Kits\10\Include\10.0.26100.0\um\WinSock2.h(2160,1): error C2375: 'shutdown': 再定義されています。異なるリンケージです。
  (ソース ファイル 'Game.cpp' をコンパイルしています)
      C:\Program Files (x86)\Windows Kits\10\Include\10.0.26100.0\um\winsock.h(836,16):
      'shutdown' の宣言を確認してください
  
C:\Program Files (x86)\Windows Kits\10\Include\10.0.26100.0\um\WinSock2.h(2180,1): error C2375: 'socket': 再定義されています。異なるリンケージです。
  (ソース ファイル 'Game.cpp' をコンパイルしています)
      C:\Program Files (x86)\Windows Kits\10\Include\10.0.26100.0\um\winsock.h(840,19):
      'socket' の宣言を確認してください
  
C:\Program Files (x86)\Windows Kits\10\Include\10.0.26100.0\um\WinSock2.h(2205,1): error C2375: 'gethostbyaddr': 再定義されています。異なるリンケージです。
  (ソース ファイル 'Game.cpp' をコンパイルしています)
      C:\Program Files (x86)\Windows Kits\10\Include\10.0.26100.0\um\winsock.h(847,33):
      'gethostbyaddr' の宣言を確認してください
  
C:\Program Files (x86)\Windows Kits\10\Include\10.0.26100.0\um\WinSock2.h(2227,1): error C2375: 'gethostbyname': 再定義されています。異なるリンケージです。
  (ソース ファイル 'Game.cpp' をコンパイルしています)
      C:\Program Files (x86)\Windows Kits\10\Include\10.0.26100.0\um\winsock.h(852,33):
      'gethostbyname' の宣言を確認してください
  
C:\Program Files (x86)\Windows Kits\10\Include\10.0.26100.0\um\WinSock2.h(2244,1): error C2375: 'gethostname': 再定義されています。異なるリンケージです。
  (ソース ファイル 'Game.cpp' をコンパイルしています)
      C:\Program Files (x86)\Windows Kits\10\Include\10.0.26100.0\um\winsock.h(854,16):
      'gethostname' の宣言を確認してください
  
C:\Program Files (x86)\Windows Kits\10\Include\10.0.26100.0\um\WinSock2.h(2284,1): error C2375: 'getservbyport': 再定義されています。異なるリンケージです。
  (ソース ファイル 'Game.cpp' をコンパイルしています)
      C:\Program Files (x86)\Windows Kits\10\Include\10.0.26100.0\um\winsock.h(858,33):
      'getservbyport' の宣言を確認してください
  
C:\Program Files (x86)\Windows Kits\10\Include\10.0.26100.0\um\WinSock2.h(2303,1): error C2375: 'getservbyname': 再定義されています。異なるリンケージです。
  (ソース ファイル 'Game.cpp' をコンパイルしています)
      C:\Program Files (x86)\Windows Kits\10\Include\10.0.26100.0\um\winsock.h(862,33):
      'getservbyname' の宣言を確認してください
  
C:\Program Files (x86)\Windows Kits\10\Include\10.0.26100.0\um\WinSock2.h(2322,1): error C2375: 'getprotobynumber': 再定義されています。異なるリンケージです。
  (ソース ファイル 'Game.cpp' をコンパイルしています)
      C:\Program Files (x86)\Windows Kits\10\Include\10.0.26100.0\um\winsock.h(866,34):
      'getprotobynumber' の宣言を確認してください
  
C:\Program Files (x86)\Windows Kits\10\Include\10.0.26100.0\um\WinSock2.h(2339,1): error C2375: 'getprotobyname': 再定義されています。異なるリンケージです。
  (ソース ファイル 'Game.cpp' をコンパイルしています)
      C:\Program Files (x86)\Windows Kits\10\Include\10.0.26100.0\um\winsock.h(868,34):
      'getprotobyname' の宣言を確認してください
  
C:\Program Files (x86)\Windows Kits\10\Include\10.0.26100.0\um\WinSock2.h(2359,1): error C2375: 'WSAStartup': 再定義されています。異なるリンケージです。
  (ソース ファイル 'Game.cpp' をコンパイルしています)
      C:\Program Files (x86)\Windows Kits\10\Include\10.0.26100.0\um\winsock.h(872,16):
      'WSAStartup' の宣言を確認してください
  
C:\Program Files (x86)\Windows Kits\10\Include\10.0.26100.0\um\WinSock2.h(2379,1): error C2375: 'WSACleanup': 再定義されています。異なるリンケージです。
  (ソース ファイル 'Game.cpp' をコンパイルしています)
      C:\Program Files (x86)\Windows Kits\10\Include\10.0.26100.0\um\winsock.h(876,16):
      'WSACleanup' の宣言を確認してください
  
C:\Program Files (x86)\Windows Kits\10\Include\10.0.26100.0\um\WinSock2.h(2396,1): error C2375: 'WSASetLastError': 再定義されています。異なるリンケージです。
  (ソース ファイル 'Game.cpp' をコンパイルしています)
      C:\Program Files (x86)\Windows Kits\10\Include\10.0.26100.0\um\winsock.h(878,17):
      'WSASetLastError' の宣言を確認してください
  
C:\Program Files (x86)\Windows Kits\10\Include\10.0.26100.0\um\WinSock2.h(2413,1): error C2375: 'WSAGetLastError': 再定義されています。異なるリンケージです。
  (ソース ファイル 'Game.cpp' をコンパイルしています)
      C:\Program Files (x86)\Windows Kits\10\Include\10.0.26100.0\um\winsock.h(880,16):
      'WSAGetLastError' の宣言を確認してください
  
C:\Program Files (x86)\Windows Kits\10\Include\10.0.26100.0\um\WinSock2.h(2434,1): error C2375: 'WSAIsBlocking': 再定義されています。異なるリンケージです。
  (ソース ファイル 'Game.cpp' をコンパイルしています)
      C:\Program Files (x86)\Windows Kits\10\Include\10.0.26100.0\um\winsock.h(882,17):
      'WSAIsBlocking' の宣言を確認してください
  
C:\Program Files (x86)\Windows Kits\10\Include\10.0.26100.0\um\WinSock2.h(2452,1): error C2375: 'WSAUnhookBlockingHook': 再定義されています。異なるリンケージです。
  (ソース ファイル 'Game.cpp' をコンパイルしています)
      C:\Program Files (x86)\Windows Kits\10\Include\10.0.26100.0\um\winsock.h(884,16):
      'WSAUnhookBlockingHook' の宣言を確認してください
  
C:\Program Files (x86)\Windows Kits\10\Include\10.0.26100.0\um\WinSock2.h(2470,1): error C2375: 'WSASetBlockingHook': 再定義されています。異なるリンケージです。
  (ソース ファイル 'Game.cpp' をコンパイルしています)
      C:\Program Files (x86)\Windows Kits\10\Include\10.0.26100.0\um\winsock.h(886,20):
      'WSASetBlockingHook' の宣言を確認してください
  
C:\Program Files (x86)\Windows Kits\10\Include\10.0.26100.0\um\WinSock2.h(2488,1): error C2375: 'WSACancelBlockingCall': 再定義されています。異なるリンケージです。
  (ソース ファイル 'Game.cpp' をコンパイルしています)
      C:\Program Files (x86)\Windows Kits\10\Include\10.0.26100.0\um\winsock.h(888,16):
      'WSACancelBlockingCall' の宣言を確認してください
  
C:\Program Files (x86)\Windows Kits\10\Include\10.0.26100.0\um\WinSock2.h(2506,1): error C2375: 'WSAAsyncGetServByName': 再定義されています。異なるリンケージです。
  (ソース ファイル 'Game.cpp' をコンパイルしています)
      C:\Program Files (x86)\Windows Kits\10\Include\10.0.26100.0\um\winsock.h(890,19):
      'WSAAsyncGetServByName' の宣言を確認してください
  
C:\Program Files (x86)\Windows Kits\10\Include\10.0.26100.0\um\WinSock2.h(2534,1): error C2375: 'WSAAsyncGetServByPort': 再定義されています。異なるリンケージです。
  (ソース ファイル 'Game.cpp' をコンパイルしています)
      C:\Program Files (x86)\Windows Kits\10\Include\10.0.26100.0\um\winsock.h(898,19):
      'WSAAsyncGetServByPort' の宣言を確認してください
  
C:\Program Files (x86)\Windows Kits\10\Include\10.0.26100.0\um\WinSock2.h(2562,1): error C2375: 'WSAAsyncGetProtoByName': 再定義されています。異なるリンケージです。
  (ソース ファイル 'Game.cpp' をコンパイルしています)
      C:\Program Files (x86)\Windows Kits\10\Include\10.0.26100.0\um\winsock.h(906,19):
      'WSAAsyncGetProtoByName' の宣言を確認してください
  
C:\Program Files (x86)\Windows Kits\10\Include\10.0.26100.0\um\WinSock2.h(2588,1): error C2375: 'WSAAsyncGetProtoByNumber': 再定義されています。異なるリンケージです。
  (ソース ファイル 'Game.cpp' をコンパイルしています)
      C:\Program Files (x86)\Windows Kits\10\Include\10.0.26100.0\um\winsock.h(913,19):
      'WSAAsyncGetProtoByNumber' の宣言を確認してください
  
C:\Program Files (x86)\Windows Kits\10\Include\10.0.26100.0\um\WinSock2.h(2614,1): error C2375: 'WSAAsyncGetHostByName': 再定義されています。異なるリンケージです。
  (ソース ファイル 'Game.cpp' をコンパイルしています)
      C:\Program Files (x86)\Windows Kits\10\Include\10.0.26100.0\um\winsock.h(920,19):
      'WSAAsyncGetHostByName' の宣言を確認してください
  
C:\Program Files (x86)\Windows Kits\10\Include\10.0.26100.0\um\WinSock2.h(2640,1): error C2375: 'WSAAsyncGetHostByAddr': 再定義されています。異なるリンケージです。
  (ソース ファイル 'Game.cpp' をコンパイルしています)
      C:\Program Files (x86)\Windows Kits\10\Include\10.0.26100.0\um\winsock.h(927,19):
      'WSAAsyncGetHostByAddr' の宣言を確認してください
  
C:\Program Files (x86)\Windows Kits\10\Include\10.0.26100.0\um\WinSock2.h(2670,1): error C2375: 'WSACancelAsyncRequest': 再定義されています。異なるリンケージです。
  (ソース ファイル 'Game.cpp' をコンパイルしています)
      C:\Program Files (x86)\Windows Kits\10\Include\10.0.26100.0\um\winsock.h(936,16):
      'WSACancelAsyncRequest' の宣言を確認してください
  
C:\Program Files (x86)\Windows Kits\10\Include\10.0.26100.0\um\WinSock2.h(2688,1): error C2375: 'WSAAsyncSelect': 再定義されています。異なるリンケージです。
  (ソース ファイル 'Game.cpp' をコンパイルしています)
      C:\Program Files (x86)\Windows Kits\10\Include\10.0.26100.0\um\winsock.h(938,16):
      'WSAAsyncSelect' の宣言を確認してください
  
C:\Program Files (x86)\Windows Kits\10\Include\10.0.26100.0\um\WinSock2.h(4320,1): error C2059: 構文エラー: '}'
  (ソース ファイル 'Game.cpp' をコンパイルしています)
  
C:\Program Files (x86)\Windows Kits\10\Include\10.0.26100.0\um\WinSock2.h(4320,1): error C2143: 構文エラー: ';' が '}' の前にありません。
  (ソース ファイル 'Game.cpp' をコンパイルしています)
  
C:\Program Files\Microsoft Visual Studio\2022\Community\VC\Tools\MSVC\14.44.35207\include\xnode_handle.h(23,1): error C2143: 構文エラー: ';' が '{' の前にありません。
  (ソース ファイル 'Game.cpp' をコンパイルしています)
  
C:\Program Files\Microsoft Visual Studio\2022\Community\VC\Tools\MSVC\14.44.35207\include\xnode_handle.h(23,1): error C2447: '{': 対応する関数ヘッダーがありません (旧形式の仮引数リスト?)
  (ソース ファイル 'Game.cpp' をコンパイルしています)
  
C:\Program Files\Microsoft Visual Studio\2022\Community\VC\Tools\MSVC\14.44.35207\include\xtree(1784,64): error C3878: 構文エラー: 'expression' の後に予期しないトークン '{' があります
  (ソース ファイル 'Game.cpp' をコンパイルしています)
      C:\Program Files\Microsoft Visual Studio\2022\Community\VC\Tools\MSVC\14.44.35207\include\xtree(1784,64):
      テンプレートインスタンス化コンテキスト (最初に最も古いもの) は
          C:\Program Files\Microsoft Visual Studio\2022\Community\VC\Tools\MSVC\14.44.35207\include\xtree(852,7):
          クラス テンプレート 'std::_Tree' のコンパイル中
  
C:\Program Files\Microsoft Visual Studio\2022\Community\VC\Tools\MSVC\14.44.35207\include\xtree(1784,69): error C2760: 構文エラー: ')' は予期しないエラーでした。';' が必要です
  (ソース ファイル 'Game.cpp' をコンパイルしています)
  
C:\Program Files\Microsoft Visual Studio\2022\Community\VC\Tools\MSVC\14.44.35207\include\xtree(1784,69): error C3878: 構文エラー: 'jump-statement' の後に予期しないトークン ')' があります
  (ソース ファイル 'Game.cpp' をコンパイルしています)
  
C:\Program Files\Microsoft Visual Studio\2022\Community\VC\Tools\MSVC\14.44.35207\include\xtree(1784,69): error C3878: 構文エラー: 'statement' の後に予期しないトークン ')' があります
  (ソース ファイル 'Game.cpp' をコンパイルしています)
  
C:\Program Files\Microsoft Visual Studio\2022\Community\VC\Tools\MSVC\14.44.35207\include\xtree(1784,69): error C3878: 構文エラー: 'statement-seq' の後に予期しないトークン ')' があります
  (ソース ファイル 'Game.cpp' をコンパイルしています)
      C:\Program Files\Microsoft Visual Studio\2022\Community\VC\Tools\MSVC\14.44.35207\include\xtree(1784,69):
      次のうちの 1 つが見つかりません:  '}'?
  
C:\Program Files\Microsoft Visual Studio\2022\Community\VC\Tools\MSVC\14.44.35207\include\xtree(1784,69): error C2760: 構文エラー: ')' は予期しないエラーでした。'}' が必要です
  (ソース ファイル 'Game.cpp' をコンパイルしています)
  
C:\Program Files\Microsoft Visual Studio\2022\Community\VC\Tools\MSVC\14.44.35207\include\xtree(1784,69): error C3878: 構文エラー: 'compound-statement' の後に予期しないトークン ')' があります
  (ソース ファイル 'Game.cpp' をコンパイルしています)
  
C:\Program Files\Microsoft Visual Studio\2022\Community\VC\Tools\MSVC\14.44.35207\include\xtree(1784,69): error C3878: 構文エラー: 'selection-statement' の後に予期しないトークン ')' があります
  (ソース ファイル 'Game.cpp' をコンパイルしています)
  
C:\Program Files\Microsoft Visual Studio\2022\Community\VC\Tools\MSVC\14.44.35207\include\xtree(1784,79): error C2760: 構文エラー: '{' は予期しないエラーでした。'式' が必要です
  (ソース ファイル 'Game.cpp' をコンパイルしています)
  
C:\Program Files\Microsoft Visual Studio\2022\Community\VC\Tools\MSVC\14.44.35207\include\xtree(1784,79): error C3878: 構文エラー: 'expression' の後に予期しないトークン '{' があります
  (ソース ファイル 'Game.cpp' をコンパイルしています)
  
C:\Program Files\Microsoft Visual Studio\2022\Community\VC\Tools\MSVC\14.44.35207\include\xtree(1784,80): error C2760: 構文エラー: '}' は予期しないエラーでした。';' が必要です
  (ソース ファイル 'Game.cpp' をコンパイルしています)
  
C:\Program Files\Microsoft Visual Studio\2022\Community\VC\Tools\MSVC\14.44.35207\include\map(38,9): error C2065: '_Node_handle_map_base': 定義されていない識別子です。
  (ソース ファイル 'Game.cpp' をコンパイルしています)
      C:\Program Files\Microsoft Visual Studio\2022\Community\VC\Tools\MSVC\14.44.35207\include\map(38,9):
      テンプレートインスタンス化コンテキスト (最初に最も古いもの) は
          C:\Program Files\Microsoft Visual Studio\2022\Community\VC\Tools\MSVC\14.44.35207\include\map(30,7):
          クラス テンプレート 'std::_Tmap_traits' のコンパイル中
  
C:\Program Files\Microsoft Visual Studio\2022\Community\VC\Tools\MSVC\14.44.35207\include\map(37,23): error C7568: 想定される関数テンプレート '_Node_handle' の後に引数リストがありません
  (ソース ファイル 'Game.cpp' をコンパイルしています)
  
C:\Program Files\Microsoft Visual Studio\2022\Community\VC\Tools\MSVC\14.44.35207\include\map(103,32): error C7568: 想定される関数テンプレート '_Insert_return_type' の後に引数リストがありません
  (ソース ファイル 'Game.cpp' をコンパイルしています)
      C:\Program Files\Microsoft Visual Studio\2022\Community\VC\Tools\MSVC\14.44.35207\include\map(103,32):
      テンプレートインスタンス化コンテキスト (最初に最も古いもの) は
          C:\Program Files\Microsoft Visual Studio\2022\Community\VC\Tools\MSVC\14.44.35207\include\map(72,7):
          クラス テンプレート 'std::map' のコンパイル中
  
C:\Program Files\Microsoft Visual Studio\2022\Community\VC\Tools\MSVC\14.44.35207\include\xhash(1541,46): error C7568: 想定される関数テンプレート '_Insert_return_type' の後に引数リストがありません
  (ソース ファイル 'Game.cpp' をコンパイルしています)
      C:\Program Files\Microsoft Visual Studio\2022\Community\VC\Tools\MSVC\14.44.35207\include\xhash(1541,46):
      テンプレートインスタンス化コンテキスト (最初に最も古いもの) は
          C:\Program Files\Microsoft Visual Studio\2022\Community\VC\Tools\MSVC\14.44.35207\include\xhash(328,7):
          クラス テンプレート 'std::_Hash' のコンパイル中
  
C:\Program Files\Microsoft Visual Studio\2022\Community\VC\Tools\MSVC\14.44.35207\include\unordered_map(38,9): error C2065: '_Node_handle_map_base': 定義されていない識別子です。
  (ソース ファイル 'Game.cpp' をコンパイルしています)
      C:\Program Files\Microsoft Visual Studio\2022\Community\VC\Tools\MSVC\14.44.35207\include\unordered_map(38,9):
      テンプレートインスタンス化コンテキスト (最初に最も古いもの) は
          C:\Program Files\Microsoft Visual Studio\2022\Community\VC\Tools\MSVC\14.44.35207\include\unordered_map(29,7):
          クラス テンプレート 'std::_Umap_traits' のコンパイル中
  
C:\Program Files\Microsoft Visual Studio\2022\Community\VC\Tools\MSVC\14.44.35207\include\unordered_map(37,23): error C7568: 想定される関数テンプレート '_Node_handle' の後に引数リストがありません
  (ソース ファイル 'Game.cpp' をコンパイルしています)
  
C:\Program Files\Microsoft Visual Studio\2022\Community\VC\Tools\MSVC\14.44.35207\include\unordered_map(98,32): error C7568: 想定される関数テンプレート '_Insert_return_type' の後に引数リストがありません
  (ソース ファイル 'Game.cpp' をコンパイルしています)
      C:\Program Files\Microsoft Visual Studio\2022\Community\VC\Tools\MSVC\14.44.35207\include\unordered_map(98,32):
      テンプレートインスタンス化コンテキスト (最初に最も古いもの) は
          C:\Program Files\Microsoft Visual Studio\2022\Community\VC\Tools\MSVC\14.44.35207\include\unordered_map(61,7):
          クラス テンプレート 'std::unordered_map' のコンパイル中
  
C:\Program Files (x86)\Windows Kits\10\Include\10.0.26100.0\shared\ws2ipdef.h(80,21): error C2079: 'sockaddr_gen::Address' が 未定義の struct 'sockaddr' で使用しています。
  (ソース ファイル 'Game.cpp' をコンパイルしています)
  
C:\Program Files (x86)\Windows Kits\10\Include\10.0.26100.0\shared\ws2ipdef.h(81,24): error C2079: 'sockaddr_gen::AddressIn' が 未定義の struct 'sockaddr_in' で使用しています。
  (ソース ファイル 'Game.cpp' をコンパイルしています)
  
C:\Program Files (x86)\Windows Kits\10\Include\10.0.26100.0\shared\ws2ipdef.h(135,9): warning C4005: 'IP_TOS': マクロが再定義されました。
  (ソース ファイル 'Game.cpp' をコンパイルしています)
      C:\Program Files (x86)\Windows Kits\10\Include\10.0.26100.0\um\winsock.h(349,9):
      'IP_TOS' の以前の定義を確認してください
  
C:\Program Files (x86)\Windows Kits\10\Include\10.0.26100.0\shared\ws2ipdef.h(136,9): warning C4005: 'IP_TTL': マクロが再定義されました。
  (ソース ファイル 'Game.cpp' をコンパイルしています)
      C:\Program Files (x86)\Windows Kits\10\Include\10.0.26100.0\um\winsock.h(348,9):
      'IP_TTL' の以前の定義を確認してください
  
C:\Program Files (x86)\Windows Kits\10\Include\10.0.26100.0\shared\ws2ipdef.h(137,9): warning C4005: 'IP_MULTICAST_IF': マクロが再定義されました。
  (ソース ファイル 'Game.cpp' をコンパイルしています)
      C:\Program Files (x86)\Windows Kits\10\Include\10.0.26100.0\um\winsock.h(343,9):
      'IP_MULTICAST_IF' の以前の定義を確認してください
  
C:\Program Files (x86)\Windows Kits\10\Include\10.0.26100.0\shared\ws2ipdef.h(138,9): warning C4005: 'IP_MULTICAST_TTL': マクロが再定義されました。
  (ソース ファイル 'Game.cpp' をコンパイルしています)
      C:\Program Files (x86)\Windows Kits\10\Include\10.0.26100.0\um\winsock.h(344,9):
      'IP_MULTICAST_TTL' の以前の定義を確認してください
  
C:\Program Files (x86)\Windows Kits\10\Include\10.0.26100.0\shared\ws2ipdef.h(139,9): warning C4005: 'IP_MULTICAST_LOOP': マクロが再定義されました。
  (ソース ファイル 'Game.cpp' をコンパイルしています)
      C:\Program Files (x86)\Windows Kits\10\Include\10.0.26100.0\um\winsock.h(345,9):
      'IP_MULTICAST_LOOP' の以前の定義を確認してください
  
C:\Program Files (x86)\Windows Kits\10\Include\10.0.26100.0\shared\ws2ipdef.h(140,9): warning C4005: 'IP_ADD_MEMBERSHIP': マクロが再定義されました。
  (ソース ファイル 'Game.cpp' をコンパイルしています)
      C:\Program Files (x86)\Windows Kits\10\Include\10.0.26100.0\um\winsock.h(346,9):
      'IP_ADD_MEMBERSHIP' の以前の定義を確認してください
  
C:\Program Files (x86)\Windows Kits\10\Include\10.0.26100.0\shared\ws2ipdef.h(141,9): warning C4005: 'IP_DROP_MEMBERSHIP': マクロが再定義されました。
  (ソース ファイル 'Game.cpp' をコンパイルしています)
      C:\Program Files (x86)\Windows Kits\10\Include\10.0.26100.0\um\winsock.h(347,9):
      'IP_DROP_MEMBERSHIP' の以前の定義を確認してください
  
C:\Program Files (x86)\Windows Kits\10\Include\10.0.26100.0\shared\ws2ipdef.h(142,9): warning C4005: 'IP_DONTFRAGMENT': マクロが再定義されました。
  (ソース ファイル 'Game.cpp' をコンパイルしています)
      C:\Program Files (x86)\Windows Kits\10\Include\10.0.26100.0\um\winsock.h(350,9):
      'IP_DONTFRAGMENT' の以前の定義を確認してください
  
C:\Program Files (x86)\Windows Kits\10\Include\10.0.26100.0\shared\ws2ipdef.h(225,17): error C2079: '_SOCKADDR_INET::Ipv4' が 未定義の struct 'sockaddr_in' で使用しています。
  (ソース ファイル 'Game.cpp' をコンパイルしています)
  
C:\Program Files (x86)\Windows Kits\10\Include\10.0.26100.0\shared\ws2ipdef.h(741,16): error C2011: 'ip_mreq': 'struct' 型の再定義
  (ソース ファイル 'Game.cpp' をコンパイルしています)
      C:\Program Files (x86)\Windows Kits\10\Include\10.0.26100.0\um\winsock.h(360,8):
      'ip_mreq' の宣言を確認してください
  
C:\Program Files (x86)\Windows Kits\10\Include\10.0.26100.0\shared\ws2ipdef.h(927,13): error C3646: 'protocol': 不明なオーバーライド指定子です
  (ソース ファイル 'Game.cpp' をコンパイルしています)
  
C:\Program Files (x86)\Windows Kits\10\Include\10.0.26100.0\shared\ws2ipdef.h(927,5): error C4430: 型指定子がありません - int と仮定しました。メモ: C++ は int を既定値としてサポートしていません
  (ソース ファイル 'Game.cpp' をコンパイルしています)
  
C:\Program Files (x86)\Windows Kits\10\Include\10.0.26100.0\shared\ws2ipdef.h(991,13): error C3646: 'protocol': 不明なオーバーライド指定子です
  (ソース ファイル 'Game.cpp' をコンパイルしています)
  
C:\Program Files (x86)\Windows Kits\10\Include\10.0.26100.0\shared\ws2ipdef.h(991,5): error C4430: 型指定子がありません - int と仮定しました。メモ: C++ は int を既定値としてサポートしていません
  (ソース ファイル 'Game.cpp' をコンパイルしています)
  
C:\Program Files (x86)\Windows Kits\10\Include\10.0.26100.0\um\WS2tcpip.h(978,23): error C2568: '=': オーバーロード関数のうち、どれを呼び出すのか決定できません。
  (ソース ファイル 'Game.cpp' をコンパイルしています)
      C:\Program Files (x86)\Windows Kits\10\Include\10.0.26100.0\um\WS2tcpip.h(978,23):
      'int getsockopt(SOCKET,int,int,char *,int *)' の可能性があります
  
C:\Program Files (x86)\Windows Kits\10\Include\10.0.26100.0\um\WS2tcpip.h(982,27): error C2568: '=': オーバーロード関数のうち、どれを呼び出すのか決定できません。
  (ソース ファイル 'Game.cpp' をコンパイルしています)
      C:\Program Files (x86)\Windows Kits\10\Include\10.0.26100.0\um\WS2tcpip.h(982,27):
      'int getsockopt(SOCKET,int,int,char *,int *)' の可能性があります
  
C:\Program Files (x86)\Windows Kits\10\Include\10.0.26100.0\um\WS2tcpip.h(986,36): error C2065: 'IPPROTO_IPV6': 定義されていない識別子です。
  (ソース ファイル 'Game.cpp' をコンパイルしています)
  
C:\Program Files (x86)\Windows Kits\10\Include\10.0.26100.0\um\WS2tcpip.h(986,36): error C1003: プログラム内のエラーが 100 個を超えました。コンパイルは中断されます。
  (ソース ファイル 'Game.cpp' をコンパイルしています)
  
